c:\users\nicko\source\repos\atividadescg\hello3d - phong\hello3d - pyramid\debug\vc143.pdb
c:\users\nicko\source\repos\atividadescg\hello3d - phong\hello3d - pyramid\debug\vc143.idb
c:\users\nicko\source\repos\atividadescg\hello3d - phong\hello3d - pyramid\debug\glad.obj
c:\users\nicko\source\repos\atividadescg\hello3d - phong\hello3d - pyramid\debug\shader.obj
c:\users\nicko\source\repos\atividadescg\atividade módulo 4\hello3d - pyramid\debug\vc143.pdb
c:\users\nicko\source\repos\atividadescg\atividade módulo 4\hello3d - pyramid\debug\vc143.idb
c:\users\nicko\source\repos\atividadescg\atividade módulo 4\hello3d - pyramid\debug\origem.obj
c:\users\nicko\source\repos\atividadescg\atividade módulo 4\hello3d - pyramid\debug\mesh.obj
c:\users\nicko\source\repos\atividadescg\hello3d - phong\debug\hello3d - phong.exe
c:\users\nicko\source\repos\atividadescg\hello3d - phong\debug\hello3d - phong.pdb
c:\users\nicko\source\repos\atividadescg\atividade módulo 4\hello3d - pyramid\debug\hello3d - phong.ilk
c:\users\nicko\source\repos\atividadescg\atividade módulo 4\hello3d - pyramid\debug\glad.obj
c:\users\nicko\source\repos\atividadescg\atividade módulo 4\hello3d - pyramid\debug\shader.obj
c:\users\nicko\source\repos\atividadescg\atividade módulo 4\debug\hello3d - phong.pdb
c:\users\nicko\source\repos\atividadescg\atividade módulo 4\hello3d - pyramid\debug\hello3d - phong.tlog\cl.command.1.tlog
c:\users\nicko\source\repos\atividadescg\atividade módulo 4\hello3d - pyramid\debug\hello3d - phong.tlog\cl.items.tlog
c:\users\nicko\source\repos\atividadescg\atividade módulo 4\hello3d - pyramid\debug\hello3d - phong.tlog\cl.read.1.tlog
c:\users\nicko\source\repos\atividadescg\atividade módulo 4\hello3d - pyramid\debug\hello3d - phong.tlog\cl.write.1.tlog
c:\users\nicko\source\repos\atividadescg\atividade módulo 4\hello3d - pyramid\debug\hello3d - phong.tlog\link-cvtres.read.1.tlog
c:\users\nicko\source\repos\atividadescg\atividade módulo 4\hello3d - pyramid\debug\hello3d - phong.tlog\link-cvtres.write.1.tlog
c:\users\nicko\source\repos\atividadescg\atividade módulo 4\hello3d - pyramid\debug\hello3d - phong.tlog\link-rc.read.1.tlog
c:\users\nicko\source\repos\atividadescg\atividade módulo 4\hello3d - pyramid\debug\hello3d - phong.tlog\link-rc.write.1.tlog
c:\users\nicko\source\repos\atividadescg\atividade módulo 4\hello3d - pyramid\debug\hello3d - phong.tlog\link.28400-cvtres.read.1.tlog
c:\users\nicko\source\repos\atividadescg\atividade módulo 4\hello3d - pyramid\debug\hello3d - phong.tlog\link.28400-cvtres.write.1.tlog
c:\users\nicko\source\repos\atividadescg\atividade módulo 4\hello3d - pyramid\debug\hello3d - phong.tlog\link.28400-rc.read.1.tlog
c:\users\nicko\source\repos\atividadescg\atividade módulo 4\hello3d - pyramid\debug\hello3d - phong.tlog\link.28400-rc.write.1.tlog
c:\users\nicko\source\repos\atividadescg\atividade módulo 4\hello3d - pyramid\debug\hello3d - phong.tlog\link.28400.read.1.tlog
c:\users\nicko\source\repos\atividadescg\atividade módulo 4\hello3d - pyramid\debug\hello3d - phong.tlog\link.28400.write.1.tlog
c:\users\nicko\source\repos\atividadescg\atividade módulo 4\hello3d - pyramid\debug\hello3d - phong.tlog\link.command.1.tlog
c:\users\nicko\source\repos\atividadescg\atividade módulo 4\hello3d - pyramid\debug\hello3d - phong.tlog\link.read.1.tlog
c:\users\nicko\source\repos\atividadescg\atividade módulo 4\hello3d - pyramid\debug\hello3d - phong.tlog\link.secondary.1.tlog
c:\users\nicko\source\repos\atividadescg\atividade módulo 4\hello3d - pyramid\debug\hello3d - phong.tlog\link.write.1.tlog
